<?xml version="1.0" encoding="utf-8"?><testsuites name="pytest tests"><testsuite name="pytest" errors="7" failures="0" skipped="0" tests="7" time="0.094" timestamp="2025-10-19T23:58:03.590440-05:00" hostname="debian"><testcase classname="" name="tests.test_jicofo" time="0.000"><error message="collection failure">'docker' not found in `markers` configuration option</error></testcase><testcase classname="" name="tests.test_jvb" time="0.000"><error message="collection failure">'docker' not found in `markers` configuration option</error></testcase><testcase classname="" name="tests.test_prosody" time="0.000"><error message="collection failure">'docker' not found in `markers` configuration option</error></testcase><testcase classname="" name="tests.test_web" time="0.000"><error message="collection failure">'docker' not found in `markers` configuration option</error></testcase><testcase classname="" name="tests.test_websocket" time="0.000"><error message="collection failure">'docker' not found in `markers` configuration option</error></testcase><testcase classname="" name="tests.test_websocket_error_specific" time="0.000"><error message="collection failure">'docker' not found in `markers` configuration option</error></testcase><testcase classname="" name="tests.test_websocket_url" time="0.000"><error message="collection failure">'docker' not found in `markers` configuration option</error></testcase></testsuite></testsuites>